<ERROR_BLOCK>
excepInfo: select count(a.id) as count,cate_id,parent_id from iwebshop_imooc_course as a join iwebshop_imooc_category  as b on a.cate_id = b.id where  1=1  and parent_id = all     
 -- You have an error in your SQL syntax; check the manual that corresponds to your MySQL server version for the right syntax to use near '' at line 1
excepFile: IWEB_PATH/lib/db/db_class.php
excepLine: 148
excepCode: 1000
excepTime: 2019-08-15 19:26:49
#0 IWEB_PATH/lib/core/query_class.php(213): IDB->query(select count(a.id) as count,cate_id,parent_id from iwebshop_imooc_course as a join iwebshop_imooc_category  as b on a.cate_id = b.id where  1=1  and parent_id = all     )
#1 IWEB_PATH/controllers/course.php(46): IQuery->find()
#2 IWEB_PATH/lib/web/action/inline_action.php(38): Course->show()
#3 IWEB_PATH/lib/web/controller/controller_class.php(119): IInlineAction->run()
#4 IWEB_PATH/lib/core/webapplication_class.php(76): IController->run(show)
#5 IWEB_PATH/lib/core/application_class.php(94): IWebApplication->execRequest()
#6 IWEB_PATH/index.php(5): IApplication->run()
</ERROR_BLOCK>

<ERROR_BLOCK>
excepInfo: select count(a.id) as count,cate_id,parent_id from iwebshop_imooc_course as a join iwebshop_imooc_category  as b on a.cate_id = b.id where  1=1  and parent_id = all     
 -- You have an error in your SQL syntax; check the manual that corresponds to your MySQL server version for the right syntax to use near '' at line 1
excepFile: IWEB_PATH/lib/db/db_class.php
excepLine: 148
excepCode: 1000
excepTime: 2019-08-15 19:26:51
#0 IWEB_PATH/lib/core/query_class.php(213): IDB->query(select count(a.id) as count,cate_id,parent_id from iwebshop_imooc_course as a join iwebshop_imooc_category  as b on a.cate_id = b.id where  1=1  and parent_id = all     )
#1 IWEB_PATH/controllers/course.php(46): IQuery->find()
#2 IWEB_PATH/lib/web/action/inline_action.php(38): Course->show()
#3 IWEB_PATH/lib/web/controller/controller_class.php(119): IInlineAction->run()
#4 IWEB_PATH/lib/core/webapplication_class.php(76): IController->run(show)
#5 IWEB_PATH/lib/core/application_class.php(94): IWebApplication->execRequest()
#6 IWEB_PATH/index.php(5): IApplication->run()
</ERROR_BLOCK>

<ERROR_BLOCK>
excepInfo: select count(a.id) as count,cate_id,parent_id from iwebshop_imooc_course as a join iwebshop_imooc_category  as b on a.cate_id = b.id where  1=1  and parent_id = all     
 -- You have an error in your SQL syntax; check the manual that corresponds to your MySQL server version for the right syntax to use near '' at line 1
excepFile: IWEB_PATH/lib/db/db_class.php
excepLine: 148
excepCode: 1000
excepTime: 2019-08-15 19:26:54
#0 IWEB_PATH/lib/core/query_class.php(213): IDB->query(select count(a.id) as count,cate_id,parent_id from iwebshop_imooc_course as a join iwebshop_imooc_category  as b on a.cate_id = b.id where  1=1  and parent_id = all     )
#1 IWEB_PATH/controllers/course.php(46): IQuery->find()
#2 IWEB_PATH/lib/web/action/inline_action.php(38): Course->show()
#3 IWEB_PATH/lib/web/controller/controller_class.php(119): IInlineAction->run()
#4 IWEB_PATH/lib/core/webapplication_class.php(76): IController->run(show)
#5 IWEB_PATH/lib/core/application_class.php(94): IWebApplication->execRequest()
#6 IWEB_PATH/index.php(5): IApplication->run()
</ERROR_BLOCK>

<ERROR_BLOCK>
excepInfo: select count(a.id) as count,cate_id,parent_id from iwebshop_imooc_course as a join iwebshop_imooc_category  as b on a.cate_id = b.id where  1=1  and parent_id = all     
 -- You have an error in your SQL syntax; check the manual that corresponds to your MySQL server version for the right syntax to use near '' at line 1
excepFile: IWEB_PATH/lib/db/db_class.php
excepLine: 148
excepCode: 1000
excepTime: 2019-08-15 19:26:55
#0 IWEB_PATH/lib/core/query_class.php(213): IDB->query(select count(a.id) as count,cate_id,parent_id from iwebshop_imooc_course as a join iwebshop_imooc_category  as b on a.cate_id = b.id where  1=1  and parent_id = all     )
#1 IWEB_PATH/controllers/course.php(46): IQuery->find()
#2 IWEB_PATH/lib/web/action/inline_action.php(38): Course->show()
#3 IWEB_PATH/lib/web/controller/controller_class.php(119): IInlineAction->run()
#4 IWEB_PATH/lib/core/webapplication_class.php(76): IController->run(show)
#5 IWEB_PATH/lib/core/application_class.php(94): IWebApplication->execRequest()
#6 IWEB_PATH/index.php(5): IApplication->run()
</ERROR_BLOCK>

<ERROR_BLOCK>
excepInfo: select count(a.id) as count,cate_id,parent_id from iwebshop_imooc_course as a join iwebshop_imooc_category  as b on a.cate_id = b.id where  1=1  and parent_id = all     
 -- You have an error in your SQL syntax; check the manual that corresponds to your MySQL server version for the right syntax to use near '' at line 1
excepFile: IWEB_PATH/lib/db/db_class.php
excepLine: 148
excepCode: 1000
excepTime: 2019-08-15 19:26:57
#0 IWEB_PATH/lib/core/query_class.php(213): IDB->query(select count(a.id) as count,cate_id,parent_id from iwebshop_imooc_course as a join iwebshop_imooc_category  as b on a.cate_id = b.id where  1=1  and parent_id = all     )
#1 IWEB_PATH/controllers/course.php(46): IQuery->find()
#2 IWEB_PATH/lib/web/action/inline_action.php(38): Course->show()
#3 IWEB_PATH/lib/web/controller/controller_class.php(119): IInlineAction->run()
#4 IWEB_PATH/lib/core/webapplication_class.php(76): IController->run(show)
#5 IWEB_PATH/lib/core/application_class.php(94): IWebApplication->execRequest()
#6 IWEB_PATH/index.php(5): IApplication->run()
</ERROR_BLOCK>

<ERROR_BLOCK>
excepInfo: select count(a.id) as count,cate_id,parent_id from iwebshop_imooc_course as a join iwebshop_imooc_category  as b on a.cate_id = b.id where  1=1  and parent_id = all     
 -- You have an error in your SQL syntax; check the manual that corresponds to your MySQL server version for the right syntax to use near '' at line 1
excepFile: IWEB_PATH/lib/db/db_class.php
excepLine: 148
excepCode: 1000
excepTime: 2019-08-15 19:27:01
#0 IWEB_PATH/lib/core/query_class.php(213): IDB->query(select count(a.id) as count,cate_id,parent_id from iwebshop_imooc_course as a join iwebshop_imooc_category  as b on a.cate_id = b.id where  1=1  and parent_id = all     )
#1 IWEB_PATH/controllers/course.php(46): IQuery->find()
#2 IWEB_PATH/lib/web/action/inline_action.php(38): Course->show()
#3 IWEB_PATH/lib/web/controller/controller_class.php(119): IInlineAction->run()
#4 IWEB_PATH/lib/core/webapplication_class.php(76): IController->run(show)
#5 IWEB_PATH/lib/core/application_class.php(94): IWebApplication->execRequest()
#6 IWEB_PATH/index.php(5): IApplication->run()
</ERROR_BLOCK>

<ERROR_BLOCK>
excepInfo: select count(a.id) as count,cate_id,parent_id from iwebshop_imooc_course as a join iwebshop_imooc_category  as b on a.cate_id = b.id where  1=1  and parent_id = all     
 -- You have an error in your SQL syntax; check the manual that corresponds to your MySQL server version for the right syntax to use near '' at line 1
excepFile: IWEB_PATH/lib/db/db_class.php
excepLine: 148
excepCode: 1000
excepTime: 2019-08-15 19:27:04
#0 IWEB_PATH/lib/core/query_class.php(213): IDB->query(select count(a.id) as count,cate_id,parent_id from iwebshop_imooc_course as a join iwebshop_imooc_category  as b on a.cate_id = b.id where  1=1  and parent_id = all     )
#1 IWEB_PATH/controllers/course.php(46): IQuery->find()
#2 IWEB_PATH/lib/web/action/inline_action.php(38): Course->show()
#3 IWEB_PATH/lib/web/controller/controller_class.php(119): IInlineAction->run()
#4 IWEB_PATH/lib/core/webapplication_class.php(76): IController->run(show)
#5 IWEB_PATH/lib/core/application_class.php(94): IWebApplication->execRequest()
#6 IWEB_PATH/index.php(5): IApplication->run()
</ERROR_BLOCK>

<ERROR_BLOCK>
excepInfo: select count(a.id) as count,cate_id,parent_id from iwebshop_imooc_course as a join iwebshop_imooc_category  as b on a.cate_id = b.id where  1=1  and parent_id = all     
 -- You have an error in your SQL syntax; check the manual that corresponds to your MySQL server version for the right syntax to use near '' at line 1
excepFile: IWEB_PATH/lib/db/db_class.php
excepLine: 148
excepCode: 1000
excepTime: 2019-08-15 19:27:06
#0 IWEB_PATH/lib/core/query_class.php(213): IDB->query(select count(a.id) as count,cate_id,parent_id from iwebshop_imooc_course as a join iwebshop_imooc_category  as b on a.cate_id = b.id where  1=1  and parent_id = all     )
#1 IWEB_PATH/controllers/course.php(46): IQuery->find()
#2 IWEB_PATH/lib/web/action/inline_action.php(38): Course->show()
#3 IWEB_PATH/lib/web/controller/controller_class.php(119): IInlineAction->run()
#4 IWEB_PATH/lib/core/webapplication_class.php(76): IController->run(show)
#5 IWEB_PATH/lib/core/application_class.php(94): IWebApplication->execRequest()
#6 IWEB_PATH/index.php(5): IApplication->run()
</ERROR_BLOCK>

<ERROR_BLOCK>
excepInfo: select count(a.id) as count,cate_id,parent_id from iwebshop_imooc_course as a join iwebshop_imooc_category  as b on a.cate_id = b.id where  1=1  and parent_id = all     
 -- You have an error in your SQL syntax; check the manual that corresponds to your MySQL server version for the right syntax to use near '' at line 1
excepFile: IWEB_PATH/lib/db/db_class.php
excepLine: 148
excepCode: 1000
excepTime: 2019-08-15 19:27:07
#0 IWEB_PATH/lib/core/query_class.php(213): IDB->query(select count(a.id) as count,cate_id,parent_id from iwebshop_imooc_course as a join iwebshop_imooc_category  as b on a.cate_id = b.id where  1=1  and parent_id = all     )
#1 IWEB_PATH/controllers/course.php(46): IQuery->find()
#2 IWEB_PATH/lib/web/action/inline_action.php(38): Course->show()
#3 IWEB_PATH/lib/web/controller/controller_class.php(119): IInlineAction->run()
#4 IWEB_PATH/lib/core/webapplication_class.php(76): IController->run(show)
#5 IWEB_PATH/lib/core/application_class.php(94): IWebApplication->execRequest()
#6 IWEB_PATH/index.php(5): IApplication->run()
</ERROR_BLOCK>

<ERROR_BLOCK>
excepInfo: select count(a.id) as count,cate_id,parent_id from iwebshop_imooc_course as a join iwebshop_imooc_category  as b on a.cate_id = b.id where  1=1  and parent_id = all     
 -- You have an error in your SQL syntax; check the manual that corresponds to your MySQL server version for the right syntax to use near '' at line 1
excepFile: IWEB_PATH/lib/db/db_class.php
excepLine: 148
excepCode: 1000
excepTime: 2019-08-15 19:27:26
#0 IWEB_PATH/lib/core/query_class.php(213): IDB->query(select count(a.id) as count,cate_id,parent_id from iwebshop_imooc_course as a join iwebshop_imooc_category  as b on a.cate_id = b.id where  1=1  and parent_id = all     )
#1 IWEB_PATH/controllers/course.php(46): IQuery->find()
#2 IWEB_PATH/lib/web/action/inline_action.php(38): Course->show()
#3 IWEB_PATH/lib/web/controller/controller_class.php(119): IInlineAction->run()
#4 IWEB_PATH/lib/core/webapplication_class.php(76): IController->run(show)
#5 IWEB_PATH/lib/core/application_class.php(94): IWebApplication->execRequest()
#6 IWEB_PATH/index.php(5): IApplication->run()
</ERROR_BLOCK>

<ERROR_BLOCK>
excepInfo: select count(a.id) as count,cate_id,parent_id from iwebshop_imooc_course as a join iwebshop_imooc_category  as b on a.cate_id = b.id where  1=1  and parent_id = all     
 -- You have an error in your SQL syntax; check the manual that corresponds to your MySQL server version for the right syntax to use near '' at line 1
excepFile: IWEB_PATH/lib/db/db_class.php
excepLine: 148
excepCode: 1000
excepTime: 2019-08-15 19:27:36
#0 IWEB_PATH/lib/core/query_class.php(213): IDB->query(select count(a.id) as count,cate_id,parent_id from iwebshop_imooc_course as a join iwebshop_imooc_category  as b on a.cate_id = b.id where  1=1  and parent_id = all     )
#1 IWEB_PATH/controllers/course.php(46): IQuery->find()
#2 IWEB_PATH/lib/web/action/inline_action.php(38): Course->show()
#3 IWEB_PATH/lib/web/controller/controller_class.php(119): IInlineAction->run()
#4 IWEB_PATH/lib/core/webapplication_class.php(76): IController->run(show)
#5 IWEB_PATH/lib/core/application_class.php(94): IWebApplication->execRequest()
#6 IWEB_PATH/index.php(5): IApplication->run()
</ERROR_BLOCK>

<ERROR_BLOCK>
excepInfo: select count(a.id) as count,cate_id,parent_id from iwebshop_imooc_course as a join iwebshop_imooc_category  as b on a.cate_id = b.id where  1=1  and parent_id = all     
 -- You have an error in your SQL syntax; check the manual that corresponds to your MySQL server version for the right syntax to use near '' at line 1
excepFile: IWEB_PATH/lib/db/db_class.php
excepLine: 148
excepCode: 1000
excepTime: 2019-08-15 19:27:44
#0 IWEB_PATH/lib/core/query_class.php(213): IDB->query(select count(a.id) as count,cate_id,parent_id from iwebshop_imooc_course as a join iwebshop_imooc_category  as b on a.cate_id = b.id where  1=1  and parent_id = all     )
#1 IWEB_PATH/controllers/course.php(46): IQuery->find()
#2 IWEB_PATH/lib/web/action/inline_action.php(38): Course->show()
#3 IWEB_PATH/lib/web/controller/controller_class.php(119): IInlineAction->run()
#4 IWEB_PATH/lib/core/webapplication_class.php(76): IController->run(show)
#5 IWEB_PATH/lib/core/application_class.php(94): IWebApplication->execRequest()
#6 IWEB_PATH/index.php(5): IApplication->run()
</ERROR_BLOCK>

<ERROR_BLOCK>
excepInfo: select count(a.id) as count,cate_id,parent_id from iwebshop_imooc_course as a join iwebshop_imooc_category  as b on a.cate_id = b.id where  1=1  and parent_id = all     
 -- You have an error in your SQL syntax; check the manual that corresponds to your MySQL server version for the right syntax to use near '' at line 1
excepFile: IWEB_PATH/lib/db/db_class.php
excepLine: 148
excepCode: 1000
excepTime: 2019-08-15 19:27:46
#0 IWEB_PATH/lib/core/query_class.php(213): IDB->query(select count(a.id) as count,cate_id,parent_id from iwebshop_imooc_course as a join iwebshop_imooc_category  as b on a.cate_id = b.id where  1=1  and parent_id = all     )
#1 IWEB_PATH/controllers/course.php(46): IQuery->find()
#2 IWEB_PATH/lib/web/action/inline_action.php(38): Course->show()
#3 IWEB_PATH/lib/web/controller/controller_class.php(119): IInlineAction->run()
#4 IWEB_PATH/lib/core/webapplication_class.php(76): IController->run(show)
#5 IWEB_PATH/lib/core/application_class.php(94): IWebApplication->execRequest()
#6 IWEB_PATH/index.php(5): IApplication->run()
</ERROR_BLOCK>

<ERROR_BLOCK>
excepInfo: select count(a.id) as count,cate_id,parent_id from iwebshop_imooc_course as a join iwebshop_imooc_category  as b on a.cate_id = b.id where  1=1  and parent_id = all     
 -- You have an error in your SQL syntax; check the manual that corresponds to your MySQL server version for the right syntax to use near '' at line 1
excepFile: IWEB_PATH/lib/db/db_class.php
excepLine: 148
excepCode: 1000
excepTime: 2019-08-15 19:28:23
#0 IWEB_PATH/lib/core/query_class.php(213): IDB->query(select count(a.id) as count,cate_id,parent_id from iwebshop_imooc_course as a join iwebshop_imooc_category  as b on a.cate_id = b.id where  1=1  and parent_id = all     )
#1 IWEB_PATH/controllers/course.php(46): IQuery->find()
#2 IWEB_PATH/lib/web/action/inline_action.php(38): Course->show()
#3 IWEB_PATH/lib/web/controller/controller_class.php(119): IInlineAction->run()
#4 IWEB_PATH/lib/core/webapplication_class.php(76): IController->run(show)
#5 IWEB_PATH/lib/core/application_class.php(94): IWebApplication->execRequest()
#6 IWEB_PATH/index.php(5): IApplication->run()
</ERROR_BLOCK>

